app/build/intermediates/manifest_merge_blame_file/release/processReleaseMainManifest/manifest-merger-blame-release-report.txt
1<?xml version="1.0" encoding="utf-8"?>
2<manifest xmlns:android="http://schemas.android.com/apk/res/android"
3    package="com.skinective"
4    android:versionCode="1"
5    android:versionName="1.0" >
6
7    <uses-sdk
8        android:minSdkVersion="24"
9        android:targetSdkVersion="34" />
10
11    <uses-feature android:name="android.hardware.camera" />
11-->src\main\AndroidManifest.xml:5:5-60
11-->src\main\AndroidManifest.xml:5:19-57
12
13    <uses-permission android:name="android.permission.READ_EXTERNAL_STORAGE" />
13-->src\main\AndroidManifest.xml:6:5-79
13-->src\main\AndroidManifest.xml:6:22-77
14    <uses-permission android:name="android.permission.CAMERA" />
14-->src\main\AndroidManifest.xml:7:5-65
14-->src\main\AndroidManifest.xml:7:22-62
15    <uses-permission
15-->src\main\AndroidManifest.xml:8:5-10:38
16        android:name="android.permission.WRITE_EXTERNAL_STORAGE"
16-->src\main\AndroidManifest.xml:9:9-65
17        android:maxSdkVersion="28" />
17-->src\main\AndroidManifest.xml:10:9-35
18    <uses-permission android:name="android.permission.INTERNET" />
18-->src\main\AndroidManifest.xml:11:5-67
18-->src\main\AndroidManifest.xml:11:22-64
19    <uses-permission android:name="android.permission.ACCESS_FINE_LOCATION" />
19-->src\main\AndroidManifest.xml:12:5-79
19-->src\main\AndroidManifest.xml:12:22-76
20    <uses-permission android:name="android.permission.ACCESS_COARSE_LOCATION" />
20-->src\main\AndroidManifest.xml:13:5-81
20-->src\main\AndroidManifest.xml:13:22-78
21    <uses-permission android:name="android.permission.ACCESS_WIFI_STATE" />
21-->[com.google.android.libraries.places:places:3.5.0] AndroidManifest.xml:11:5-76
21-->[com.google.android.libraries.places:places:3.5.0] AndroidManifest.xml:11:22-73
22
23    <queries>
23-->[androidx.camera:camera-extensions:1.3.3] AndroidManifest.xml:22:5-26:15
24        <intent>
24-->[androidx.camera:camera-extensions:1.3.3] AndroidManifest.xml:23:9-25:18
25            <action android:name="androidx.camera.extensions.action.VENDOR_ACTION" />
25-->[androidx.camera:camera-extensions:1.3.3] AndroidManifest.xml:24:13-86
25-->[androidx.camera:camera-extensions:1.3.3] AndroidManifest.xml:24:21-83
26        </intent>
27        <!-- Needs to be explicitly declared on Android R+ -->
28        <package android:name="com.google.android.apps.maps" />
28-->[com.google.android.gms:play-services-maps:18.2.0] AndroidManifest.xml:33:9-64
28-->[com.google.android.gms:play-services-maps:18.2.0] AndroidManifest.xml:33:18-61
29    </queries> <!-- Include required permissions for Google Maps API to run. -->
30    <uses-permission android:name="android.permission.ACCESS_NETWORK_STATE" />
30-->[com.google.android.gms:play-services-maps:18.2.0] AndroidManifest.xml:23:5-79
30-->[com.google.android.gms:play-services-maps:18.2.0] AndroidManifest.xml:23:22-76
31
32    <uses-feature
32-->[com.google.android.gms:play-services-maps:18.2.0] AndroidManifest.xml:26:5-28:35
33        android:glEsVersion="0x00020000"
33-->[com.google.android.gms:play-services-maps:18.2.0] AndroidManifest.xml:27:9-41
34        android:required="true" />
34-->[com.google.android.gms:play-services-maps:18.2.0] AndroidManifest.xml:28:9-32
35
36    <permission
36-->[androidx.core:core:1.13.1] AndroidManifest.xml:22:5-24:47
37        android:name="com.skinective.DYNAMIC_RECEIVER_NOT_EXPORTED_PERMISSION"
37-->[androidx.core:core:1.13.1] AndroidManifest.xml:23:9-81
38        android:protectionLevel="signature" />
38-->[androidx.core:core:1.13.1] AndroidManifest.xml:24:9-44
39
40    <uses-permission android:name="com.skinective.DYNAMIC_RECEIVER_NOT_EXPORTED_PERMISSION" />
40-->[androidx.core:core:1.13.1] AndroidManifest.xml:26:5-97
40-->[androidx.core:core:1.13.1] AndroidManifest.xml:26:22-94
41
42    <application
42-->src\main\AndroidManifest.xml:17:5-79:19
43        android:allowBackup="true"
43-->src\main\AndroidManifest.xml:18:9-35
44        android:appComponentFactory="androidx.core.app.CoreComponentFactory"
44-->[androidx.core:core:1.13.1] AndroidManifest.xml:28:18-86
45        android:dataExtractionRules="@xml/data_extraction_rules"
45-->src\main\AndroidManifest.xml:19:9-65
46        android:extractNativeLibs="false"
47        android:fullBackupContent="@xml/backup_rules"
47-->src\main\AndroidManifest.xml:20:9-54
48        android:icon="@mipmap/ic_launcher_foreground"
48-->src\main\AndroidManifest.xml:21:9-54
49        android:label="@string/app_name"
49-->src\main\AndroidManifest.xml:22:9-41
50        android:roundIcon="@mipmap/ic_launcher_foreground"
50-->src\main\AndroidManifest.xml:23:9-59
51        android:supportsRtl="true"
51-->src\main\AndroidManifest.xml:24:9-35
52        android:theme="@style/Theme.SkinEctive" >
52-->src\main\AndroidManifest.xml:25:9-48
53        <meta-data
53-->src\main\AndroidManifest.xml:28:9-30:71
54            android:name="com.google.android.geo.API_KEY"
54-->src\main\AndroidManifest.xml:29:13-58
55            android:value="AIzaSyCzEBpdGGx27jaQmXeY47Txi6s0vKhIvM0" />
55-->src\main\AndroidManifest.xml:30:13-68
56
57        <activity
57-->src\main\AndroidManifest.xml:33:9-41:20
58            android:name="com.skinective.ui.WelcomeActivity"
58-->src\main\AndroidManifest.xml:34:13-47
59            android:exported="true"
59-->src\main\AndroidManifest.xml:36:13-36
60            android:theme="@style/Theme.App.SplashScreen" >
60-->src\main\AndroidManifest.xml:35:13-58
61            <intent-filter>
61-->src\main\AndroidManifest.xml:37:13-40:29
62                <action android:name="android.intent.action.MAIN" />
62-->src\main\AndroidManifest.xml:38:17-69
62-->src\main\AndroidManifest.xml:38:25-66
63
64                <category android:name="android.intent.category.LAUNCHER" />
64-->src\main\AndroidManifest.xml:39:17-77
64-->src\main\AndroidManifest.xml:39:27-74
65            </intent-filter>
66        </activity>
67        <activity
67-->src\main\AndroidManifest.xml:43:9-45:40
68            android:name="com.skinective.ui.AboutActivity"
68-->src\main\AndroidManifest.xml:44:13-45
69            android:exported="false" />
69-->src\main\AndroidManifest.xml:45:13-37
70        <activity
70-->src\main\AndroidManifest.xml:46:9-48:40
71            android:name="com.skinective.ui.EditProfileActivity"
71-->src\main\AndroidManifest.xml:47:13-51
72            android:exported="false" />
72-->src\main\AndroidManifest.xml:48:13-37
73        <activity
73-->src\main\AndroidManifest.xml:49:9-51:40
74            android:name="com.skinective.ui.ProfileActivity"
74-->src\main\AndroidManifest.xml:50:13-47
75            android:exported="false" />
75-->src\main\AndroidManifest.xml:51:13-37
76        <activity
76-->src\main\AndroidManifest.xml:52:9-54:40
77            android:name="com.skinective.ui.DetailProfile"
77-->src\main\AndroidManifest.xml:53:13-45
78            android:exported="false" />
78-->src\main\AndroidManifest.xml:54:13-37
79        <activity
79-->src\main\AndroidManifest.xml:55:9-57:40
80            android:name="com.skinective.ui.MainActivity"
80-->src\main\AndroidManifest.xml:56:13-44
81            android:exported="false" />
81-->src\main\AndroidManifest.xml:57:13-37
82        <activity
82-->src\main\AndroidManifest.xml:58:9-60:40
83            android:name="com.skinective.ui.HistoryActivity"
83-->src\main\AndroidManifest.xml:59:13-47
84            android:exported="false" />
84-->src\main\AndroidManifest.xml:60:13-37
85        <activity
85-->src\main\AndroidManifest.xml:61:9-63:40
86            android:name="com.skinective.ui.NewsDetailActivity"
86-->src\main\AndroidManifest.xml:62:13-50
87            android:exported="false" />
87-->src\main\AndroidManifest.xml:63:13-37
88        <activity
88-->src\main\AndroidManifest.xml:64:9-66:40
89            android:name="com.skinective.ui.NewsActivity"
89-->src\main\AndroidManifest.xml:65:13-44
90            android:exported="false" />
90-->src\main\AndroidManifest.xml:66:13-37
91        <activity
91-->src\main\AndroidManifest.xml:67:9-69:40
92            android:name="com.skinective.ui.ResultActivity"
92-->src\main\AndroidManifest.xml:68:13-46
93            android:exported="false" />
93-->src\main\AndroidManifest.xml:69:13-37
94        <activity
94-->src\main\AndroidManifest.xml:70:9-72:40
95            android:name="com.skinective.ui.DetectActivity"
95-->src\main\AndroidManifest.xml:71:13-46
96            android:exported="false" />
96-->src\main\AndroidManifest.xml:72:13-37
97        <activity
97-->src\main\AndroidManifest.xml:73:9-75:39
98            android:name="com.skinective.ui.SignUpActivity"
98-->src\main\AndroidManifest.xml:74:13-46
99            android:exported="true" />
99-->src\main\AndroidManifest.xml:75:13-36
100        <activity
100-->src\main\AndroidManifest.xml:76:9-78:39
101            android:name="com.skinective.ui.SignInActivity"
101-->src\main\AndroidManifest.xml:77:13-46
102            android:exported="true" />
102-->src\main\AndroidManifest.xml:78:13-36
103        <activity
103-->[com.google.android.libraries.places:places:3.5.0] AndroidManifest.xml:15:9-21:20
104            android:name="com.google.android.libraries.places.widget.AutocompleteActivity"
104-->[com.google.android.libraries.places:places:3.5.0] AndroidManifest.xml:16:13-91
105            android:exported="false"
105-->[com.google.android.libraries.places:places:3.5.0] AndroidManifest.xml:17:13-37
106            android:label="@string/places_autocomplete_label"
106-->[com.google.android.libraries.places:places:3.5.0] AndroidManifest.xml:18:13-62
107            android:theme="@style/PlacesAutocompleteOverlay"
107-->[com.google.android.libraries.places:places:3.5.0] AndroidManifest.xml:19:13-61
108            android:windowSoftInputMode="adjustResize" >
108-->[com.google.android.libraries.places:places:3.5.0] AndroidManifest.xml:20:13-55
109        </activity>
110
111        <uses-library
111-->[androidx.camera:camera-extensions:1.3.3] AndroidManifest.xml:29:9-31:40
112            android:name="androidx.camera.extensions.impl"
112-->[androidx.camera:camera-extensions:1.3.3] AndroidManifest.xml:30:13-59
113            android:required="false" />
113-->[androidx.camera:camera-extensions:1.3.3] AndroidManifest.xml:31:13-37
114
115        <service
115-->[androidx.camera:camera-camera2:1.3.3] AndroidManifest.xml:24:9-33:19
116            android:name="androidx.camera.core.impl.MetadataHolderService"
116-->[androidx.camera:camera-camera2:1.3.3] AndroidManifest.xml:25:13-75
117            android:enabled="false"
117-->[androidx.camera:camera-camera2:1.3.3] AndroidManifest.xml:26:13-36
118            android:exported="false" >
118-->[androidx.camera:camera-camera2:1.3.3] AndroidManifest.xml:27:13-37
119            <meta-data
119-->[androidx.camera:camera-camera2:1.3.3] AndroidManifest.xml:30:13-32:89
120                android:name="androidx.camera.core.impl.MetadataHolderService.DEFAULT_CONFIG_PROVIDER"
120-->[androidx.camera:camera-camera2:1.3.3] AndroidManifest.xml:31:17-103
121                android:value="androidx.camera.camera2.Camera2Config$DefaultProvider" />
121-->[androidx.camera:camera-camera2:1.3.3] AndroidManifest.xml:32:17-86
122        </service> <!-- Needs to be explicitly declared on P+ -->
123        <uses-library
123-->[com.google.android.gms:play-services-maps:18.2.0] AndroidManifest.xml:39:9-41:40
124            android:name="org.apache.http.legacy"
124-->[com.google.android.gms:play-services-maps:18.2.0] AndroidManifest.xml:40:13-50
125            android:required="false" />
125-->[com.google.android.gms:play-services-maps:18.2.0] AndroidManifest.xml:41:13-37
126
127        <activity
127-->[com.google.android.gms:play-services-base:18.5.0] AndroidManifest.xml:5:9-173
128            android:name="com.google.android.gms.common.api.GoogleApiActivity"
128-->[com.google.android.gms:play-services-base:18.5.0] AndroidManifest.xml:5:19-85
129            android:exported="false"
129-->[com.google.android.gms:play-services-base:18.5.0] AndroidManifest.xml:5:146-170
130            android:theme="@android:style/Theme.Translucent.NoTitleBar" />
130-->[com.google.android.gms:play-services-base:18.5.0] AndroidManifest.xml:5:86-145
131
132        <meta-data
132-->[com.google.android.gms:play-services-basement:18.4.0] AndroidManifest.xml:6:9-122
133            android:name="com.google.android.gms.version"
133-->[com.google.android.gms:play-services-basement:18.4.0] AndroidManifest.xml:6:20-65
134            android:value="@integer/google_play_services_version" />
134-->[com.google.android.gms:play-services-basement:18.4.0] AndroidManifest.xml:6:66-119
135
136        <provider
136-->[androidx.emoji2:emoji2:1.3.0] AndroidManifest.xml:24:9-32:20
137            android:name="androidx.startup.InitializationProvider"
137-->[androidx.emoji2:emoji2:1.3.0] AndroidManifest.xml:25:13-67
138            android:authorities="com.skinective.androidx-startup"
138-->[androidx.emoji2:emoji2:1.3.0] AndroidManifest.xml:26:13-68
139            android:exported="false" >
139-->[androidx.emoji2:emoji2:1.3.0] AndroidManifest.xml:27:13-37
140            <meta-data
140-->[androidx.emoji2:emoji2:1.3.0] AndroidManifest.xml:29:13-31:52
141                android:name="androidx.emoji2.text.EmojiCompatInitializer"
141-->[androidx.emoji2:emoji2:1.3.0] AndroidManifest.xml:30:17-75
142                android:value="androidx.startup" />
142-->[androidx.emoji2:emoji2:1.3.0] AndroidManifest.xml:31:17-49
143            <meta-data
143-->[androidx.lifecycle:lifecycle-process:2.8.1] AndroidManifest.xml:29:13-31:52
144                android:name="androidx.lifecycle.ProcessLifecycleInitializer"
144-->[androidx.lifecycle:lifecycle-process:2.8.1] AndroidManifest.xml:30:17-78
145                android:value="androidx.startup" />
145-->[androidx.lifecycle:lifecycle-process:2.8.1] AndroidManifest.xml:31:17-49
146            <meta-data
146-->[androidx.profileinstaller:profileinstaller:1.3.1] AndroidManifest.xml:29:13-31:52
147                android:name="androidx.profileinstaller.ProfileInstallerInitializer"
147-->[androidx.profileinstaller:profileinstaller:1.3.1] AndroidManifest.xml:30:17-85
148                android:value="androidx.startup" />
148-->[androidx.profileinstaller:profileinstaller:1.3.1] AndroidManifest.xml:31:17-49
149        </provider>
150
151        <uses-library
151-->[androidx.window:window:1.0.0] AndroidManifest.xml:25:9-27:40
152            android:name="androidx.window.extensions"
152-->[androidx.window:window:1.0.0] AndroidManifest.xml:26:13-54
153            android:required="false" />
153-->[androidx.window:window:1.0.0] AndroidManifest.xml:27:13-37
154        <uses-library
154-->[androidx.window:window:1.0.0] AndroidManifest.xml:28:9-30:40
155            android:name="androidx.window.sidecar"
155-->[androidx.window:window:1.0.0] AndroidManifest.xml:29:13-51
156            android:required="false" />
156-->[androidx.window:window:1.0.0] AndroidManifest.xml:30:13-37
157
158        <receiver
158-->[androidx.profileinstaller:profileinstaller:1.3.1] AndroidManifest.xml:34:9-52:20
159            android:name="androidx.profileinstaller.ProfileInstallReceiver"
159-->[androidx.profileinstaller:profileinstaller:1.3.1] AndroidManifest.xml:35:13-76
160            android:directBootAware="false"
160-->[androidx.profileinstaller:profileinstaller:1.3.1] AndroidManifest.xml:36:13-44
161            android:enabled="true"
161-->[androidx.profileinstaller:profileinstaller:1.3.1] AndroidManifest.xml:37:13-35
162            android:exported="true"
162-->[androidx.profileinstaller:profileinstaller:1.3.1] AndroidManifest.xml:38:13-36
163            android:permission="android.permission.DUMP" >
163-->[androidx.profileinstaller:profileinstaller:1.3.1] AndroidManifest.xml:39:13-57
164            <intent-filter>
164-->[androidx.profileinstaller:profileinstaller:1.3.1] AndroidManifest.xml:40:13-42:29
165                <action android:name="androidx.profileinstaller.action.INSTALL_PROFILE" />
165-->[androidx.profileinstaller:profileinstaller:1.3.1] AndroidManifest.xml:41:17-91
165-->[androidx.profileinstaller:profileinstaller:1.3.1] AndroidManifest.xml:41:25-88
166            </intent-filter>
167            <intent-filter>
167-->[androidx.profileinstaller:profileinstaller:1.3.1] AndroidManifest.xml:43:13-45:29
168                <action android:name="androidx.profileinstaller.action.SKIP_FILE" />
168-->[androidx.profileinstaller:profileinstaller:1.3.1] AndroidManifest.xml:44:17-85
168-->[androidx.profileinstaller:profileinstaller:1.3.1] AndroidManifest.xml:44:25-82
169            </intent-filter>
170            <intent-filter>
170-->[androidx.profileinstaller:profileinstaller:1.3.1] AndroidManifest.xml:46:13-48:29
171                <action android:name="androidx.profileinstaller.action.SAVE_PROFILE" />
171-->[androidx.profileinstaller:profileinstaller:1.3.1] AndroidManifest.xml:47:17-88
171-->[androidx.profileinstaller:profileinstaller:1.3.1] AndroidManifest.xml:47:25-85
172            </intent-filter>
173            <intent-filter>
173-->[androidx.profileinstaller:profileinstaller:1.3.1] AndroidManifest.xml:49:13-51:29
174                <action android:name="androidx.profileinstaller.action.BENCHMARK_OPERATION" />
174-->[androidx.profileinstaller:profileinstaller:1.3.1] AndroidManifest.xml:50:17-95
174-->[androidx.profileinstaller:profileinstaller:1.3.1] AndroidManifest.xml:50:25-92
175            </intent-filter>
176        </receiver>
177
178        <service
178-->[com.google.android.datatransport:transport-backend-cct:3.2.0] AndroidManifest.xml:26:9-32:19
179            android:name="com.google.android.datatransport.runtime.backends.TransportBackendDiscovery"
179-->[com.google.android.datatransport:transport-backend-cct:3.2.0] AndroidManifest.xml:27:13-103
180            android:exported="false" >
180-->[com.google.android.datatransport:transport-backend-cct:3.2.0] AndroidManifest.xml:28:13-37
181            <meta-data
181-->[com.google.android.datatransport:transport-backend-cct:3.2.0] AndroidManifest.xml:29:13-31:39
182                android:name="backend:com.google.android.datatransport.cct.CctBackendFactory"
182-->[com.google.android.datatransport:transport-backend-cct:3.2.0] AndroidManifest.xml:30:17-94
183                android:value="cct" />
183-->[com.google.android.datatransport:transport-backend-cct:3.2.0] AndroidManifest.xml:31:17-36
184        </service>
185        <service
185-->[com.google.android.datatransport:transport-runtime:3.2.0] AndroidManifest.xml:24:9-28:19
186            android:name="com.google.android.datatransport.runtime.scheduling.jobscheduling.JobInfoSchedulerService"
186-->[com.google.android.datatransport:transport-runtime:3.2.0] AndroidManifest.xml:25:13-117
187            android:exported="false"
187-->[com.google.android.datatransport:transport-runtime:3.2.0] AndroidManifest.xml:26:13-37
188            android:permission="android.permission.BIND_JOB_SERVICE" >
188-->[com.google.android.datatransport:transport-runtime:3.2.0] AndroidManifest.xml:27:13-69
189        </service>
190
191        <receiver
191-->[com.google.android.datatransport:transport-runtime:3.2.0] AndroidManifest.xml:30:9-32:40
192            android:name="com.google.android.datatransport.runtime.scheduling.jobscheduling.AlarmManagerSchedulerBroadcastReceiver"
192-->[com.google.android.datatransport:transport-runtime:3.2.0] AndroidManifest.xml:31:13-132
193            android:exported="false" />
193-->[com.google.android.datatransport:transport-runtime:3.2.0] AndroidManifest.xml:32:13-37
194    </application>
195
196</manifest>